Comparing: 0,0 vs 0,0
value equal
key equal
Comparing: 0,0 vs 1,1
value not equal
key not equal
Comparing: 0,0 vs 2,2
value not equal
key not equal
Comparing: 0,0 vs 4,4
value not equal
key not equal
Comparing: 0,0 vs 7,7
value not equal
key not equal
Comparing: 0,0 vs 8,8
value not equal
key not equal
Comparing: 0,0 vs 11,11
value not equal
key not equal
Comparing: 0,0 vs 13,13
value not equal
key not equal
Comparing: 0,0 vs 14,14
value not equal
key not equal
Comparing: 0,0 vs 15,15
value not equal
key not equal
Comparing: 0,0 vs 16,16
value not equal
key not equal
Comparing: 0,0 vs 17,17
value not equal
key not equal
Comparing: 0,0 vs 19,19
value not equal
key not equal
Comparing: 0,0 vs 22,22
value not equal
key not equal
Comparing: 0,0 vs 23,23
value not equal
key not equal
Comparing: 0,0 vs 26,26
value not equal
key not equal
Comparing: 0,0 vs 28,28
value not equal
key not equal
Comparing: 0,0 vs 29,29
value not equal
key not equal
Comparing: 0,0 vs 30,30
value not equal
key not equal
Comparing: 0,0 vs 31,31
value not equal
key not equal
Comparing: 0,0 vs 32,32
value not equal
key not equal
Comparing: 0,0 vs 34,34
value not equal
key not equal
Comparing: 0,0 vs 37,37
value not equal
key not equal
Comparing: 0,0 vs 38,38
value not equal
key not equal
Comparing: 0,0 vs 41,41
value not equal
key not equal
Comparing: 0,0 vs 43,43
value not equal
key not equal
Comparing: 0,0 vs 44,44
value not equal
key not equal
Comparing: 0,0 vs 45,6
value not equal
key not equal
Comparing: 0,0 vs 46,46
value not equal
key not equal
Comparing: 0,0 vs 47,47
value not equal
key not equal
Comparing: 0,0 vs 49,49
value not equal
key not equal
Comparing: 0,0 vs 52,52
value not equal
key not equal
Comparing: 0,0 vs 53,53
value not equal
key not equal
Comparing: 0,0 vs 56,56
value not equal
key not equal
Comparing: 0,0 vs 58,58
value not equal
key not equal
Comparing: 0,0 vs 59,59
value not equal
key not equal
Comparing: 0,0 vs 60,60
value not equal
key not equal
Comparing: 0,0 vs 61,61
value not equal
key not equal
Comparing: 0,0 vs 62,62
value not equal
key not equal
Comparing: 0,0 vs 64,64
value not equal
key not equal
Comparing: 0,0 vs 67,67
value not equal
key not equal
Comparing: 0,0 vs 68,68
value not equal
key not equal
Comparing: 0,0 vs 71,71
value not equal
key not equal
Comparing: 0,0 vs 73,73
value not equal
key not equal
Comparing: 0,0 vs 74,74
value not equal
key not equal
Comparing: 0,0 vs 75,75
value not equal
key not equal
Comparing: 0,0 vs 76,76
value not equal
key not equal
Comparing: 0,0 vs 77,77
value not equal
key not equal
Comparing: 0,0 vs 79,79
value not equal
key not equal
Comparing: 0,0 vs 82,82
value not equal
key not equal
Comparing: 0,0 vs 83,83
value not equal
key not equal
Comparing: 0,0 vs 86,86
value not equal
key not equal
Comparing: 0,0 vs 88,88
value not equal
key not equal
Comparing: 0,0 vs 89,89
value not equal
key not equal
Comparing: 0,0 vs 90,12
value not equal
key not equal
Comparing: 0,0 vs 91,91
value not equal
key not equal
Comparing: 0,0 vs 92,92
value not equal
key not equal
Comparing: 0,0 vs 94,94
value not equal
key not equal
Comparing: 0,0 vs 97,97
value not equal
key not equal
Comparing: 0,0 vs 98,98
value not equal
key not equal
Comparing: 0,0 vs 100,15
value not equal
key not equal
Comparing: 0,0 vs 135,18
value not equal
key not equal
Comparing: 0,0 vs 180,24
value not equal
key not equal
Comparing: 0,0 vs 200,30
value not equal
key not equal
Comparing: 0,0 vs 270,36
value not equal
key not equal
Comparing: 0,0 vs 315,42
value not equal
key not equal
Comparing: 0,0 vs 360,48
value not equal
key not equal
Comparing: 0,0 vs 400,60
value not equal
key not equal
Comparing: 0,0 vs 405,54
value not equal
key not equal
Comparing: 0,0 vs 495,66
value not equal
key not equal
Comparing: 0,0 vs 500,75
value not equal
key not equal
Comparing: 0,0 vs 540,72
value not equal
key not equal
Comparing: 0,0 vs 585,78
value not equal
key not equal
Comparing: 0,0 vs 630,84
value not equal
key not equal
Comparing: 0,0 vs 700,105
value not equal
key not equal
Comparing: 0,0 vs 720,96
value not equal
key not equal
Comparing: 0,0 vs 765,102
value not equal
key not equal
Comparing: 0,0 vs 800,120
value not equal
key not equal
Comparing: 0,0 vs 810,108
value not equal
key not equal
Comparing: 0,0 vs 855,114
value not equal
key not equal
Comparing: 0,0 vs 945,126
value not equal
key not equal
Comparing: 0,0 vs 990,132
value not equal
key not equal
Comparing: 0,0 vs 1000,150
value not equal
key not equal
Comparing: 0,0 vs 1035,138
value not equal
key not equal
Comparing: 0,0 vs 1080,144
value not equal
key not equal
Comparing: 0,0 vs 1100,165
value not equal
key not equal
Comparing: 0,0 vs 1170,156
value not equal
key not equal
Comparing: 0,0 vs 1215,162
value not equal
key not equal
Comparing: 0,0 vs 1260,168
value not equal
key not equal
Comparing: 0,0 vs 1300,195
value not equal
key not equal
Comparing: 0,0 vs 1305,174
value not equal
key not equal
Comparing: 0,0 vs 1395,186
value not equal
key not equal
Comparing: 0,0 vs 1400,210
value not equal
key not equal
Comparing: 0,0 vs 1440,192
value not equal
key not equal
Comparing: 0,0 vs 1485,198
value not equal
key not equal
Comparing: 0,0 vs 1600,240
value not equal
key not equal
Comparing: 0,0 vs 1700,255
value not equal
key not equal
Comparing: 0,0 vs 1900,285
value not equal
key not equal
Comparing: 0,0 vs 0,0
value equal
key equal
Comparing: 0,0 vs 1,1
value not equal
key not equal
Comparing: 0,0 vs 2,2
value not equal
key not equal
Comparing: 0,0 vs 4,4
value not equal
key not equal
Comparing: 0,0 vs 7,7
value not equal
key not equal
Comparing: 0,0 vs 8,8
value not equal
key not equal
Comparing: 0,0 vs 11,11
value not equal
key not equal
Comparing: 0,0 vs 13,13
value not equal
key not equal
Comparing: 0,0 vs 14,14
value not equal
key not equal
Comparing: 0,0 vs 15,15
value not equal
key not equal
Comparing: 0,0 vs 16,16
value not equal
key not equal
Comparing: 0,0 vs 17,17
value not equal
key not equal
Comparing: 0,0 vs 19,19
value not equal
key not equal
Comparing: 0,0 vs 22,22
value not equal
key not equal
Comparing: 0,0 vs 23,23
value not equal
key not equal
Comparing: 0,0 vs 26,26
value not equal
key not equal
Comparing: 0,0 vs 28,28
value not equal
key not equal
Comparing: 0,0 vs 29,29
value not equal
key not equal
Comparing: 0,0 vs 30,30
value not equal
key not equal
Comparing: 0,0 vs 31,31
value not equal
key not equal
Comparing: 0,0 vs 32,32
value not equal
key not equal
Comparing: 0,0 vs 33,22
value not equal
key not equal
Comparing: 0,0 vs 34,34
value not equal
key not equal
Comparing: 0,0 vs 37,37
value not equal
key not equal
Comparing: 0,0 vs 38,38
value not equal
key not equal
Comparing: 0,0 vs 41,41
value not equal
key not equal
Comparing: 0,0 vs 42,84
value not equal
key not equal
Comparing: 0,0 vs 43,43
value not equal
key not equal
Comparing: 0,0 vs 44,44
value not equal
key not equal
Comparing: 0,0 vs 45,6
value not equal
key not equal
Comparing: 0,0 vs 46,46
value not equal
key not equal
Comparing: 0,0 vs 47,47
value not equal
key not equal
Comparing: 0,0 vs 49,49
value not equal
key not equal
Comparing: 0,0 vs 52,52
value not equal
key not equal
Comparing: 0,0 vs 53,53
value not equal
key not equal
Comparing: 0,0 vs 55,44
value not equal
key not equal
Comparing: 0,0 vs 56,56
value not equal
key not equal
Comparing: 0,0 vs 58,58
value not equal
key not equal
Comparing: 0,0 vs 59,59
value not equal
key not equal
Comparing: 0,0 vs 60,60
value not equal
key not equal
Comparing: 0,0 vs 61,61
value not equal
key not equal
Comparing: 0,0 vs 62,62
value not equal
key not equal
Comparing: 0,0 vs 64,64
value not equal
key not equal
Comparing: 0,0 vs 67,67
value not equal
key not equal
Comparing: 0,0 vs 68,68
value not equal
key not equal
Comparing: 0,0 vs 71,71
value not equal
key not equal
Comparing: 0,0 vs 73,73
value not equal
key not equal
Comparing: 0,0 vs 74,74
value not equal
key not equal
Comparing: 0,0 vs 75,75
value not equal
key not equal
Comparing: 0,0 vs 76,76
value not equal
key not equal
Comparing: 0,0 vs 77,77
value not equal
key not equal
Comparing: 0,0 vs 79,79
value not equal
key not equal
Comparing: 0,0 vs 82,82
value not equal
key not equal
Comparing: 0,0 vs 83,83
value not equal
key not equal
Comparing: 0,0 vs 86,86
value not equal
key not equal
Comparing: 0,0 vs 88,88
value not equal
key not equal
Comparing: 0,0 vs 89,89
value not equal
key not equal
Comparing: 0,0 vs 90,12
value not equal
key not equal
Comparing: 0,0 vs 91,91
value not equal
key not equal
Comparing: 0,0 vs 92,92
value not equal
key not equal
Comparing: 0,0 vs 94,94
value not equal
key not equal
Comparing: 0,0 vs 97,97
value not equal
key not equal
Comparing: 0,0 vs 98,98
value not equal
key not equal
Comparing: 0,0 vs 100,15
value not equal
key not equal
Comparing: 0,0 vs 135,18
value not equal
key not equal
Comparing: 0,0 vs 180,24
value not equal
key not equal
Comparing: 0,0 vs 200,30
value not equal
key not equal
Comparing: 0,0 vs 270,36
value not equal
key not equal
Comparing: 0,0 vs 315,42
value not equal
key not equal
Comparing: 0,0 vs 360,48
value not equal
key not equal
Comparing: 0,0 vs 400,60
value not equal
key not equal
Comparing: 0,0 vs 405,54
value not equal
key not equal
Comparing: 0,0 vs 495,66
value not equal
key not equal
Comparing: 0,0 vs 500,75
value not equal
key not equal
Comparing: 0,0 vs 540,72
value not equal
key not equal
Comparing: 0,0 vs 585,78
value not equal
key not equal
Comparing: 0,0 vs 630,84
value not equal
key not equal
Comparing: 0,0 vs 700,105
value not equal
key not equal
Comparing: 0,0 vs 720,96
value not equal
key not equal
Comparing: 0,0 vs 765,102
value not equal
key not equal
Comparing: 0,0 vs 800,120
value not equal
key not equal
Comparing: 0,0 vs 810,108
value not equal
key not equal
Comparing: 0,0 vs 855,114
value not equal
key not equal
Comparing: 0,0 vs 945,126
value not equal
key not equal
Comparing: 0,0 vs 990,132
value not equal
key not equal
Comparing: 0,0 vs 1000,150
value not equal
key not equal
Comparing: 0,0 vs 1035,138
value not equal
key not equal
Comparing: 0,0 vs 1080,144
value not equal
key not equal
Comparing: 0,0 vs 1100,165
value not equal
key not equal
Comparing: 0,0 vs 1170,156
value not equal
key not equal
Comparing: 0,0 vs 1215,162
value not equal
key not equal
Comparing: 0,0 vs 1260,168
value not equal
key not equal
Comparing: 0,0 vs 1300,195
value not equal
key not equal
Comparing: 0,0 vs 1305,174
value not equal
key not equal
Comparing: 0,0 vs 1395,186
value not equal
key not equal
Comparing: 0,0 vs 1400,210
value not equal
key not equal
Comparing: 0,0 vs 1440,192
value not equal
key not equal
Comparing: 0,0 vs 1485,198
value not equal
key not equal
Comparing: 0,0 vs 1600,240
value not equal
key not equal
Comparing: 0,0 vs 1700,255
value not equal
key not equal
Comparing: 0,0 vs 1900,285
value not equal
key not equal
Comparing: 0,0 vs 0,0
Comparing: 0,0 vs 1,1
value not equal! erasing... 
Comparing: 0,0 vs 2,2
value not equal! erasing... 
Comparing: 0,0 vs 4,4
value not equal! erasing... 
Comparing: 0,0 vs 7,7
value not equal! erasing... 
Comparing: 0,0 vs 8,8
value not equal! erasing... 
Comparing: 0,0 vs 11,11
value not equal! erasing... 
Comparing: 0,0 vs 13,13
value not equal! erasing... 
Comparing: 0,0 vs 14,14
value not equal! erasing... 
Comparing: 0,0 vs 15,15
value not equal! erasing... 
Comparing: 0,0 vs 16,16
value not equal! erasing... 
Comparing: 0,0 vs 17,17
value not equal! erasing... 
Comparing: 0,0 vs 19,19
value not equal! erasing... 
Comparing: 0,0 vs 22,22
value not equal! erasing... 
Comparing: 0,0 vs 23,23
value not equal! erasing... 
Comparing: 0,0 vs 26,26
value not equal! erasing... 
Comparing: 0,0 vs 28,28
value not equal! erasing... 
Comparing: 0,0 vs 29,29
value not equal! erasing... 
Comparing: 0,0 vs 30,30
value not equal! erasing... 
Comparing: 0,0 vs 31,31
value not equal! erasing... 
Comparing: 0,0 vs 32,32
value not equal! erasing... 
Comparing: 0,0 vs 33,22
value not equal! erasing... 
Comparing: 0,0 vs 34,34
value not equal! erasing... 
Comparing: 0,0 vs 37,37
value not equal! erasing... 
Comparing: 0,0 vs 38,38
value not equal! erasing... 
Comparing: 0,0 vs 41,41
value not equal! erasing... 
Comparing: 0,0 vs 42,84
value not equal! erasing... 
Comparing: 0,0 vs 43,43
value not equal! erasing... 
Comparing: 0,0 vs 44,44
value not equal! erasing... 
Comparing: 0,0 vs 45,6
value not equal! erasing... 
Comparing: 0,0 vs 46,46
value not equal! erasing... 
Comparing: 0,0 vs 47,47
value not equal! erasing... 
Comparing: 0,0 vs 49,49
value not equal! erasing... 
Comparing: 0,0 vs 52,52
value not equal! erasing... 
Comparing: 0,0 vs 53,53
value not equal! erasing... 
Comparing: 0,0 vs 55,44
value not equal! erasing... 
Comparing: 0,0 vs 56,56
value not equal! erasing... 
Comparing: 0,0 vs 58,58
value not equal! erasing... 
Comparing: 0,0 vs 59,59
value not equal! erasing... 
Comparing: 0,0 vs 60,60
value not equal! erasing... 
Comparing: 0,0 vs 61,61
value not equal! erasing... 
Comparing: 0,0 vs 62,62
value not equal! erasing... 
Comparing: 0,0 vs 64,64
value not equal! erasing... 
Comparing: 0,0 vs 67,67
value not equal! erasing... 
Comparing: 0,0 vs 68,68
value not equal! erasing... 
Comparing: 0,0 vs 71,71
value not equal! erasing... 
Comparing: 0,0 vs 73,73
value not equal! erasing... 
Comparing: 0,0 vs 74,74
value not equal! erasing... 
Comparing: 0,0 vs 75,75
value not equal! erasing... 
Comparing: 0,0 vs 76,76
value not equal! erasing... 
Comparing: 0,0 vs 77,77
value not equal! erasing... 
Comparing: 0,0 vs 79,79
value not equal! erasing... 
Comparing: 0,0 vs 82,82
value not equal! erasing... 
Comparing: 0,0 vs 83,83
value not equal! erasing... 
Comparing: 0,0 vs 86,86
value not equal! erasing... 
Comparing: 0,0 vs 88,88
value not equal! erasing... 
Comparing: 0,0 vs 89,89
value not equal! erasing... 
Comparing: 0,0 vs 90,12
value not equal! erasing... 
Comparing: 0,0 vs 91,91
value not equal! erasing... 
Comparing: 0,0 vs 92,92
value not equal! erasing... 
Comparing: 0,0 vs 94,94
value not equal! erasing... 
Comparing: 0,0 vs 97,97
value not equal! erasing... 
Comparing: 0,0 vs 98,98
value not equal! erasing... 
Comparing: 0,0 vs 100,15
value not equal! erasing... 
Comparing: 0,0 vs 135,18
value not equal! erasing... 
Comparing: 0,0 vs 180,24
value not equal! erasing... 
Comparing: 0,0 vs 200,30
value not equal! erasing... 
Comparing: 0,0 vs 270,36
value not equal! erasing... 
Comparing: 0,0 vs 315,42
value not equal! erasing... 
Comparing: 0,0 vs 360,48
value not equal! erasing... 
Comparing: 0,0 vs 400,60
value not equal! erasing... 
Comparing: 0,0 vs 405,54
value not equal! erasing... 
Comparing: 0,0 vs 495,66
value not equal! erasing... 
Comparing: 0,0 vs 500,75
value not equal! erasing... 
Comparing: 0,0 vs 540,72
value not equal! erasing... 
Comparing: 0,0 vs 585,78
value not equal! erasing... 
Comparing: 0,0 vs 630,84
value not equal! erasing... 
Comparing: 0,0 vs 700,105
value not equal! erasing... 
Comparing: 0,0 vs 720,96
value not equal! erasing... 
Comparing: 0,0 vs 765,102
value not equal! erasing... 
Comparing: 0,0 vs 800,120
value not equal! erasing... 
Comparing: 0,0 vs 810,108
value not equal! erasing... 
Comparing: 0,0 vs 855,114
value not equal! erasing... 
Comparing: 0,0 vs 945,126
value not equal! erasing... 
Comparing: 0,0 vs 990,132
value not equal! erasing... 
Comparing: 0,0 vs 1000,150
value not equal! erasing... 
Comparing: 0,0 vs 1035,138
value not equal! erasing... 
Comparing: 0,0 vs 1080,144
value not equal! erasing... 
Comparing: 0,0 vs 1100,165
value not equal! erasing... 
Comparing: 0,0 vs 1170,156
value not equal! erasing... 
Comparing: 0,0 vs 1215,162
value not equal! erasing... 
Comparing: 0,0 vs 1260,168
value not equal! erasing... 
Comparing: 0,0 vs 1300,195
value not equal! erasing... 
Comparing: 0,0 vs 1305,174
value not equal! erasing... 
Comparing: 0,0 vs 1395,186
value not equal! erasing... 
Comparing: 0,0 vs 1400,210
value not equal! erasing... 
Comparing: 0,0 vs 1440,192
value not equal! erasing... 
Comparing: 0,0 vs 1485,198
value not equal! erasing... 
Comparing: 0,0 vs 1600,240
value not equal! erasing... 
Comparing: 0,0 vs 1700,255
value not equal! erasing... 
Comparing: 0,0 vs 1900,285
value not equal! erasing... 
0,0
Nodes remaining : 1 (expected 1)
