Comparing: 0 vs 0
value not equal
key not equal
Comparing: 0 vs 1
value equal
key equal
Comparing: 0 vs 2
value equal
key equal
Comparing: 0 vs 4
value equal
key equal
Comparing: 0 vs 7
value equal
key equal
Comparing: 0 vs 8
value equal
key equal
Comparing: 0 vs 11
value equal
key equal
Comparing: 0 vs 13
value equal
key equal
Comparing: 0 vs 14
value equal
key equal
Comparing: 0 vs 16
value equal
key equal
Comparing: 0 vs 17
value equal
key equal
Comparing: 0 vs 19
value equal
key equal
Comparing: 0 vs 22
value equal
key equal
Comparing: 0 vs 23
value equal
key equal
Comparing: 0 vs 26
value equal
key equal
Comparing: 0 vs 28
value equal
key equal
Comparing: 0 vs 29
value equal
key equal
Comparing: 0 vs 31
value equal
key equal
Comparing: 0 vs 32
value equal
key equal
Comparing: 0 vs 34
value equal
key equal
Comparing: 0 vs 37
value equal
key equal
Comparing: 0 vs 38
value equal
key equal
Comparing: 0 vs 41
value equal
key equal
Comparing: 0 vs 43
value equal
key equal
Comparing: 0 vs 44
value equal
key equal
Comparing: 0 vs 45
value equal
key equal
Comparing: 0 vs 46
value equal
key equal
Comparing: 0 vs 47
value equal
key equal
Comparing: 0 vs 49
value equal
key equal
Comparing: 0 vs 52
value equal
key equal
Comparing: 0 vs 53
value equal
key equal
Comparing: 0 vs 56
value equal
key equal
Comparing: 0 vs 58
value equal
key equal
Comparing: 0 vs 59
value equal
key equal
Comparing: 0 vs 61
value equal
key equal
Comparing: 0 vs 62
value equal
key equal
Comparing: 0 vs 64
value equal
key equal
Comparing: 0 vs 67
value equal
key equal
Comparing: 0 vs 68
value equal
key equal
Comparing: 0 vs 71
value equal
key equal
Comparing: 0 vs 73
value equal
key equal
Comparing: 0 vs 74
value equal
key equal
Comparing: 0 vs 76
value equal
key equal
Comparing: 0 vs 77
value equal
key equal
Comparing: 0 vs 79
value equal
key equal
Comparing: 0 vs 82
value equal
key equal
Comparing: 0 vs 83
value equal
key equal
Comparing: 0 vs 86
value equal
key equal
Comparing: 0 vs 88
value equal
key equal
Comparing: 0 vs 89
value equal
key equal
Comparing: 0 vs 90
value equal
key equal
Comparing: 0 vs 91
value equal
key equal
Comparing: 0 vs 92
value equal
key equal
Comparing: 0 vs 94
value equal
key equal
Comparing: 0 vs 97
value equal
key equal
Comparing: 0 vs 98
value equal
key equal
Comparing: 0 vs 100
value equal
key equal
Comparing: 0 vs 135
value equal
key equal
Comparing: 0 vs 150
value equal
key equal
Comparing: 0 vs 180
value equal
key equal
Comparing: 0 vs 200
value equal
key equal
Comparing: 0 vs 270
value equal
key equal
Comparing: 0 vs 300
value equal
key equal
Comparing: 0 vs 315
value equal
key equal
Comparing: 0 vs 360
value equal
key equal
Comparing: 0 vs 400
value equal
key equal
Comparing: 0 vs 405
value equal
key equal
Comparing: 0 vs 450
value equal
key equal
Comparing: 0 vs 495
value equal
key equal
Comparing: 0 vs 500
value equal
key equal
Comparing: 0 vs 540
value equal
key equal
Comparing: 0 vs 585
value equal
key equal
Comparing: 0 vs 600
value equal
key equal
Comparing: 0 vs 630
value equal
key equal
Comparing: 0 vs 700
value equal
key equal
Comparing: 0 vs 720
value equal
key equal
Comparing: 0 vs 750
value equal
key equal
Comparing: 0 vs 765
value equal
key equal
Comparing: 0 vs 800
value equal
key equal
Comparing: 0 vs 810
value equal
key equal
Comparing: 0 vs 855
value equal
key equal
Comparing: 0 vs 900
value equal
key equal
Comparing: 0 vs 945
value equal
key equal
Comparing: 0 vs 990
value equal
key equal
Comparing: 0 vs 1000
value equal
key equal
Comparing: 0 vs 1035
value equal
key equal
Comparing: 0 vs 1080
value equal
key equal
Comparing: 0 vs 1100
value equal
key equal
Comparing: 0 vs 1170
value equal
key equal
Comparing: 0 vs 1215
value equal
key equal
Comparing: 0 vs 1260
value equal
key equal
Comparing: 0 vs 1300
value equal
key equal
Comparing: 0 vs 1305
value equal
key equal
Comparing: 0 vs 1395
value equal
key equal
Comparing: 0 vs 1400
value equal
key equal
Comparing: 0 vs 1440
value equal
key equal
Comparing: 0 vs 1485
value equal
key equal
Comparing: 0 vs 1600
value equal
key equal
Comparing: 0 vs 1700
value equal
key equal
Comparing: 0 vs 1900
value equal
key equal
Comparing: 1 vs 0
value not equal
key not equal
Comparing: 1 vs 1
value not equal
key not equal
Comparing: 1 vs 2
value equal
key equal
Comparing: 1 vs 4
value equal
key equal
Comparing: 1 vs 7
value equal
key equal
Comparing: 1 vs 8
value equal
key equal
Comparing: 1 vs 11
value equal
key equal
Comparing: 1 vs 13
value equal
key equal
Comparing: 1 vs 14
value equal
key equal
Comparing: 1 vs 16
value equal
key equal
Comparing: 1 vs 17
value equal
key equal
Comparing: 1 vs 19
value equal
key equal
Comparing: 1 vs 22
value equal
key equal
Comparing: 1 vs 23
value equal
key equal
Comparing: 1 vs 26
value equal
key equal
Comparing: 1 vs 28
value equal
key equal
Comparing: 1 vs 29
value equal
key equal
Comparing: 1 vs 31
value equal
key equal
Comparing: 1 vs 32
value equal
key equal
Comparing: 1 vs 34
value equal
key equal
Comparing: 1 vs 37
value equal
key equal
Comparing: 1 vs 38
value equal
key equal
Comparing: 1 vs 41
value equal
key equal
Comparing: 1 vs 43
value equal
key equal
Comparing: 1 vs 44
value equal
key equal
Comparing: 1 vs 45
value equal
key equal
Comparing: 1 vs 46
value equal
key equal
Comparing: 1 vs 47
value equal
key equal
Comparing: 1 vs 49
value equal
key equal
Comparing: 1 vs 52
value equal
key equal
Comparing: 1 vs 53
value equal
key equal
Comparing: 1 vs 56
value equal
key equal
Comparing: 1 vs 58
value equal
key equal
Comparing: 1 vs 59
value equal
key equal
Comparing: 1 vs 61
value equal
key equal
Comparing: 1 vs 62
value equal
key equal
Comparing: 1 vs 64
value equal
key equal
Comparing: 1 vs 67
value equal
key equal
Comparing: 1 vs 68
value equal
key equal
Comparing: 1 vs 71
value equal
key equal
Comparing: 1 vs 73
value equal
key equal
Comparing: 1 vs 74
value equal
key equal
Comparing: 1 vs 76
value equal
key equal
Comparing: 1 vs 77
value equal
key equal
Comparing: 1 vs 79
value equal
key equal
Comparing: 1 vs 82
value equal
key equal
Comparing: 1 vs 83
value equal
key equal
Comparing: 1 vs 86
value equal
key equal
Comparing: 1 vs 88
value equal
key equal
Comparing: 1 vs 89
value equal
key equal
Comparing: 1 vs 90
value equal
key equal
Comparing: 1 vs 91
value equal
key equal
Comparing: 1 vs 92
value equal
key equal
Comparing: 1 vs 94
value equal
key equal
Comparing: 1 vs 97
value equal
key equal
Comparing: 1 vs 98
value equal
key equal
Comparing: 1 vs 100
value equal
key equal
Comparing: 1 vs 135
value equal
key equal
Comparing: 1 vs 150
value equal
key equal
Comparing: 1 vs 180
value equal
key equal
Comparing: 1 vs 200
value equal
key equal
Comparing: 1 vs 270
value equal
key equal
Comparing: 1 vs 300
value equal
key equal
Comparing: 1 vs 315
value equal
key equal
Comparing: 1 vs 360
value equal
key equal
Comparing: 1 vs 400
value equal
key equal
Comparing: 1 vs 405
value equal
key equal
Comparing: 1 vs 450
value equal
key equal
Comparing: 1 vs 495
value equal
key equal
Comparing: 1 vs 500
value equal
key equal
Comparing: 1 vs 540
value equal
key equal
Comparing: 1 vs 585
value equal
key equal
Comparing: 1 vs 600
value equal
key equal
Comparing: 1 vs 630
value equal
key equal
Comparing: 1 vs 700
value equal
key equal
Comparing: 1 vs 720
value equal
key equal
Comparing: 1 vs 750
value equal
key equal
Comparing: 1 vs 765
value equal
key equal
Comparing: 1 vs 800
value equal
key equal
Comparing: 1 vs 810
value equal
key equal
Comparing: 1 vs 855
value equal
key equal
Comparing: 1 vs 900
value equal
key equal
Comparing: 1 vs 945
value equal
key equal
Comparing: 1 vs 990
value equal
key equal
Comparing: 1 vs 1000
value equal
key equal
Comparing: 1 vs 1035
value equal
key equal
Comparing: 1 vs 1080
value equal
key equal
Comparing: 1 vs 1100
value equal
key equal
Comparing: 1 vs 1170
value equal
key equal
Comparing: 1 vs 1215
value equal
key equal
Comparing: 1 vs 1260
value equal
key equal
Comparing: 1 vs 1300
value equal
key equal
Comparing: 1 vs 1305
value equal
key equal
Comparing: 1 vs 1395
value equal
key equal
Comparing: 1 vs 1400
value equal
key equal
Comparing: 1 vs 1440
value equal
key equal
Comparing: 1 vs 1485
value equal
key equal
Comparing: 1 vs 1600
value equal
key equal
Comparing: 1 vs 1700
value equal
key equal
Comparing: 1 vs 1900
value equal
key equal
