Comparing: 0 vs 0
value equal
key equal
Comparing: 0 vs 1
value not equal
key not equal
Comparing: 0 vs 2
value not equal
key not equal
Comparing: 0 vs 4
value not equal
key not equal
Comparing: 0 vs 7
value not equal
key not equal
Comparing: 0 vs 8
value not equal
key not equal
Comparing: 0 vs 11
value not equal
key not equal
Comparing: 0 vs 13
value not equal
key not equal
Comparing: 0 vs 14
value not equal
key not equal
Comparing: 0 vs 15
value not equal
key not equal
Comparing: 0 vs 16
value not equal
key not equal
Comparing: 0 vs 17
value not equal
key not equal
Comparing: 0 vs 19
value not equal
key not equal
Comparing: 0 vs 22
value not equal
key not equal
Comparing: 0 vs 23
value not equal
key not equal
Comparing: 0 vs 26
value not equal
key not equal
Comparing: 0 vs 28
value not equal
key not equal
Comparing: 0 vs 29
value not equal
key not equal
Comparing: 0 vs 30
value not equal
key not equal
Comparing: 0 vs 31
value not equal
key not equal
Comparing: 0 vs 32
value not equal
key not equal
Comparing: 0 vs 34
value not equal
key not equal
Comparing: 0 vs 37
value not equal
key not equal
Comparing: 0 vs 38
value not equal
key not equal
Comparing: 0 vs 41
value not equal
key not equal
Comparing: 0 vs 43
value not equal
key not equal
Comparing: 0 vs 44
value not equal
key not equal
Comparing: 0 vs 45
value not equal
key not equal
Comparing: 0 vs 46
value not equal
key not equal
Comparing: 0 vs 47
value not equal
key not equal
Comparing: 0 vs 49
value not equal
key not equal
Comparing: 0 vs 52
value not equal
key not equal
Comparing: 0 vs 53
value not equal
key not equal
Comparing: 0 vs 56
value not equal
key not equal
Comparing: 0 vs 58
value not equal
key not equal
Comparing: 0 vs 59
value not equal
key not equal
Comparing: 0 vs 60
value not equal
key not equal
Comparing: 0 vs 61
value not equal
key not equal
Comparing: 0 vs 62
value not equal
key not equal
Comparing: 0 vs 64
value not equal
key not equal
Comparing: 0 vs 67
value not equal
key not equal
Comparing: 0 vs 68
value not equal
key not equal
Comparing: 0 vs 71
value not equal
key not equal
Comparing: 0 vs 73
value not equal
key not equal
Comparing: 0 vs 74
value not equal
key not equal
Comparing: 0 vs 75
value not equal
key not equal
Comparing: 0 vs 76
value not equal
key not equal
Comparing: 0 vs 77
value not equal
key not equal
Comparing: 0 vs 79
value not equal
key not equal
Comparing: 0 vs 82
value not equal
key not equal
Comparing: 0 vs 83
value not equal
key not equal
Comparing: 0 vs 86
value not equal
key not equal
Comparing: 0 vs 88
value not equal
key not equal
Comparing: 0 vs 89
value not equal
key not equal
Comparing: 0 vs 90
value not equal
key not equal
Comparing: 0 vs 91
value not equal
key not equal
Comparing: 0 vs 92
value not equal
key not equal
Comparing: 0 vs 94
value not equal
key not equal
Comparing: 0 vs 97
value not equal
key not equal
Comparing: 0 vs 98
value not equal
key not equal
Comparing: 0 vs 100
value not equal
key not equal
Comparing: 0 vs 135
value not equal
key not equal
Comparing: 0 vs 180
value not equal
key not equal
Comparing: 0 vs 200
value not equal
key not equal
Comparing: 0 vs 270
value not equal
key not equal
Comparing: 0 vs 315
value not equal
key not equal
Comparing: 0 vs 360
value not equal
key not equal
Comparing: 0 vs 400
value not equal
key not equal
Comparing: 0 vs 405
value not equal
key not equal
Comparing: 0 vs 495
value not equal
key not equal
Comparing: 0 vs 500
value not equal
key not equal
Comparing: 0 vs 540
value not equal
key not equal
Comparing: 0 vs 585
value not equal
key not equal
Comparing: 0 vs 630
value not equal
key not equal
Comparing: 0 vs 700
value not equal
key not equal
Comparing: 0 vs 720
value not equal
key not equal
Comparing: 0 vs 765
value not equal
key not equal
Comparing: 0 vs 800
value not equal
key not equal
Comparing: 0 vs 810
value not equal
key not equal
Comparing: 0 vs 855
value not equal
key not equal
Comparing: 0 vs 945
value not equal
key not equal
Comparing: 0 vs 990
value not equal
key not equal
Comparing: 0 vs 1000
value not equal
key not equal
Comparing: 0 vs 1035
value not equal
key not equal
Comparing: 0 vs 1080
value not equal
key not equal
Comparing: 0 vs 1100
value not equal
key not equal
Comparing: 0 vs 1170
value not equal
key not equal
Comparing: 0 vs 1215
value not equal
key not equal
Comparing: 0 vs 1260
value not equal
key not equal
Comparing: 0 vs 1300
value not equal
key not equal
Comparing: 0 vs 1305
value not equal
key not equal
Comparing: 0 vs 1395
value not equal
key not equal
Comparing: 0 vs 1400
value not equal
key not equal
Comparing: 0 vs 1440
value not equal
key not equal
Comparing: 0 vs 1485
value not equal
key not equal
Comparing: 0 vs 1600
value not equal
key not equal
Comparing: 0 vs 1700
value not equal
key not equal
Comparing: 0 vs 1900
value not equal
key not equal
Comparing: 0 vs 0
value equal
key equal
Comparing: 0 vs 1
value not equal
key not equal
Comparing: 0 vs 2
value not equal
key not equal
Comparing: 0 vs 4
value not equal
key not equal
Comparing: 0 vs 7
value not equal
key not equal
Comparing: 0 vs 8
value not equal
key not equal
Comparing: 0 vs 11
value not equal
key not equal
Comparing: 0 vs 13
value not equal
key not equal
Comparing: 0 vs 14
value not equal
key not equal
Comparing: 0 vs 15
value not equal
key not equal
Comparing: 0 vs 16
value not equal
key not equal
Comparing: 0 vs 17
value not equal
key not equal
Comparing: 0 vs 19
value not equal
key not equal
Comparing: 0 vs 22
value not equal
key not equal
Comparing: 0 vs 23
value not equal
key not equal
Comparing: 0 vs 26
value not equal
key not equal
Comparing: 0 vs 28
value not equal
key not equal
Comparing: 0 vs 29
value not equal
key not equal
Comparing: 0 vs 30
value not equal
key not equal
Comparing: 0 vs 31
value not equal
key not equal
Comparing: 0 vs 32
value not equal
key not equal
Comparing: 0 vs 34
value not equal
key not equal
Comparing: 0 vs 37
value not equal
key not equal
Comparing: 0 vs 38
value not equal
key not equal
Comparing: 0 vs 41
value not equal
key not equal
Comparing: 0 vs 42
value not equal
key not equal
Comparing: 0 vs 43
value not equal
key not equal
Comparing: 0 vs 44
value not equal
key not equal
Comparing: 0 vs 45
value not equal
key not equal
Comparing: 0 vs 46
value not equal
key not equal
Comparing: 0 vs 47
value not equal
key not equal
Comparing: 0 vs 49
value not equal
key not equal
Comparing: 0 vs 52
value not equal
key not equal
Comparing: 0 vs 53
value not equal
key not equal
Comparing: 0 vs 55
value not equal
key not equal
Comparing: 0 vs 56
value not equal
key not equal
Comparing: 0 vs 58
value not equal
key not equal
Comparing: 0 vs 59
value not equal
key not equal
Comparing: 0 vs 60
value not equal
key not equal
Comparing: 0 vs 61
value not equal
key not equal
Comparing: 0 vs 62
value not equal
key not equal
Comparing: 0 vs 64
value not equal
key not equal
Comparing: 0 vs 67
value not equal
key not equal
Comparing: 0 vs 68
value not equal
key not equal
Comparing: 0 vs 71
value not equal
key not equal
Comparing: 0 vs 73
value not equal
key not equal
Comparing: 0 vs 74
value not equal
key not equal
Comparing: 0 vs 75
value not equal
key not equal
Comparing: 0 vs 76
value not equal
key not equal
Comparing: 0 vs 77
value not equal
key not equal
Comparing: 0 vs 79
value not equal
key not equal
Comparing: 0 vs 82
value not equal
key not equal
Comparing: 0 vs 83
value not equal
key not equal
Comparing: 0 vs 86
value not equal
key not equal
Comparing: 0 vs 88
value not equal
key not equal
Comparing: 0 vs 89
value not equal
key not equal
Comparing: 0 vs 90
value not equal
key not equal
Comparing: 0 vs 91
value not equal
key not equal
Comparing: 0 vs 92
value not equal
key not equal
Comparing: 0 vs 94
value not equal
key not equal
Comparing: 0 vs 97
value not equal
key not equal
Comparing: 0 vs 98
value not equal
key not equal
Comparing: 0 vs 100
value not equal
key not equal
Comparing: 0 vs 135
value not equal
key not equal
Comparing: 0 vs 180
value not equal
key not equal
Comparing: 0 vs 200
value not equal
key not equal
Comparing: 0 vs 270
value not equal
key not equal
Comparing: 0 vs 315
value not equal
key not equal
Comparing: 0 vs 360
value not equal
key not equal
Comparing: 0 vs 400
value not equal
key not equal
Comparing: 0 vs 405
value not equal
key not equal
Comparing: 0 vs 495
value not equal
key not equal
Comparing: 0 vs 500
value not equal
key not equal
Comparing: 0 vs 540
value not equal
key not equal
Comparing: 0 vs 585
value not equal
key not equal
Comparing: 0 vs 630
value not equal
key not equal
Comparing: 0 vs 700
value not equal
key not equal
Comparing: 0 vs 720
value not equal
key not equal
Comparing: 0 vs 765
value not equal
key not equal
Comparing: 0 vs 800
value not equal
key not equal
Comparing: 0 vs 810
value not equal
key not equal
Comparing: 0 vs 855
value not equal
key not equal
Comparing: 0 vs 945
value not equal
key not equal
Comparing: 0 vs 990
value not equal
key not equal
Comparing: 0 vs 1000
value not equal
key not equal
Comparing: 0 vs 1035
value not equal
key not equal
Comparing: 0 vs 1080
value not equal
key not equal
Comparing: 0 vs 1100
value not equal
key not equal
Comparing: 0 vs 1170
value not equal
key not equal
Comparing: 0 vs 1215
value not equal
key not equal
Comparing: 0 vs 1260
value not equal
key not equal
Comparing: 0 vs 1300
value not equal
key not equal
Comparing: 0 vs 1305
value not equal
key not equal
Comparing: 0 vs 1395
value not equal
key not equal
Comparing: 0 vs 1400
value not equal
key not equal
Comparing: 0 vs 1440
value not equal
key not equal
Comparing: 0 vs 1485
value not equal
key not equal
Comparing: 0 vs 1600
value not equal
key not equal
Comparing: 0 vs 1700
value not equal
key not equal
Comparing: 0 vs 1900
value not equal
key not equal
Comparing: 0 vs 0
Comparing: 0 vs 1
value not equal! erasing... 
Comparing: 0 vs 2
value not equal! erasing... 
Comparing: 0 vs 4
value not equal! erasing... 
Comparing: 0 vs 7
value not equal! erasing... 
Comparing: 0 vs 8
value not equal! erasing... 
Comparing: 0 vs 11
value not equal! erasing... 
Comparing: 0 vs 13
value not equal! erasing... 
Comparing: 0 vs 14
value not equal! erasing... 
Comparing: 0 vs 15
value not equal! erasing... 
Comparing: 0 vs 16
value not equal! erasing... 
Comparing: 0 vs 17
value not equal! erasing... 
Comparing: 0 vs 19
value not equal! erasing... 
Comparing: 0 vs 22
value not equal! erasing... 
Comparing: 0 vs 23
value not equal! erasing... 
Comparing: 0 vs 26
value not equal! erasing... 
Comparing: 0 vs 28
value not equal! erasing... 
Comparing: 0 vs 29
value not equal! erasing... 
Comparing: 0 vs 30
value not equal! erasing... 
Comparing: 0 vs 31
value not equal! erasing... 
Comparing: 0 vs 32
value not equal! erasing... 
Comparing: 0 vs 34
value not equal! erasing... 
Comparing: 0 vs 37
value not equal! erasing... 
Comparing: 0 vs 38
value not equal! erasing... 
Comparing: 0 vs 41
value not equal! erasing... 
Comparing: 0 vs 42
value not equal! erasing... 
Comparing: 0 vs 43
value not equal! erasing... 
Comparing: 0 vs 44
value not equal! erasing... 
Comparing: 0 vs 45
value not equal! erasing... 
Comparing: 0 vs 46
value not equal! erasing... 
Comparing: 0 vs 47
value not equal! erasing... 
Comparing: 0 vs 49
value not equal! erasing... 
Comparing: 0 vs 52
value not equal! erasing... 
Comparing: 0 vs 53
value not equal! erasing... 
Comparing: 0 vs 55
value not equal! erasing... 
Comparing: 0 vs 56
value not equal! erasing... 
Comparing: 0 vs 58
value not equal! erasing... 
Comparing: 0 vs 59
value not equal! erasing... 
Comparing: 0 vs 60
value not equal! erasing... 
Comparing: 0 vs 61
value not equal! erasing... 
Comparing: 0 vs 62
value not equal! erasing... 
Comparing: 0 vs 64
value not equal! erasing... 
Comparing: 0 vs 67
value not equal! erasing... 
Comparing: 0 vs 68
value not equal! erasing... 
Comparing: 0 vs 71
value not equal! erasing... 
Comparing: 0 vs 73
value not equal! erasing... 
Comparing: 0 vs 74
value not equal! erasing... 
Comparing: 0 vs 75
value not equal! erasing... 
Comparing: 0 vs 76
value not equal! erasing... 
Comparing: 0 vs 77
value not equal! erasing... 
Comparing: 0 vs 79
value not equal! erasing... 
Comparing: 0 vs 82
value not equal! erasing... 
Comparing: 0 vs 83
value not equal! erasing... 
Comparing: 0 vs 86
value not equal! erasing... 
Comparing: 0 vs 88
value not equal! erasing... 
Comparing: 0 vs 89
value not equal! erasing... 
Comparing: 0 vs 90
value not equal! erasing... 
Comparing: 0 vs 91
value not equal! erasing... 
Comparing: 0 vs 92
value not equal! erasing... 
Comparing: 0 vs 94
value not equal! erasing... 
Comparing: 0 vs 97
value not equal! erasing... 
Comparing: 0 vs 98
value not equal! erasing... 
Comparing: 0 vs 100
value not equal! erasing... 
Comparing: 0 vs 135
value not equal! erasing... 
Comparing: 0 vs 180
value not equal! erasing... 
Comparing: 0 vs 200
value not equal! erasing... 
Comparing: 0 vs 270
value not equal! erasing... 
Comparing: 0 vs 315
value not equal! erasing... 
Comparing: 0 vs 360
value not equal! erasing... 
Comparing: 0 vs 400
value not equal! erasing... 
Comparing: 0 vs 405
value not equal! erasing... 
Comparing: 0 vs 495
value not equal! erasing... 
Comparing: 0 vs 500
value not equal! erasing... 
Comparing: 0 vs 540
value not equal! erasing... 
Comparing: 0 vs 585
value not equal! erasing... 
Comparing: 0 vs 630
value not equal! erasing... 
Comparing: 0 vs 700
value not equal! erasing... 
Comparing: 0 vs 720
value not equal! erasing... 
Comparing: 0 vs 765
value not equal! erasing... 
Comparing: 0 vs 800
value not equal! erasing... 
Comparing: 0 vs 810
value not equal! erasing... 
Comparing: 0 vs 855
value not equal! erasing... 
Comparing: 0 vs 945
value not equal! erasing... 
Comparing: 0 vs 990
value not equal! erasing... 
Comparing: 0 vs 1000
value not equal! erasing... 
Comparing: 0 vs 1035
value not equal! erasing... 
Comparing: 0 vs 1080
value not equal! erasing... 
Comparing: 0 vs 1100
value not equal! erasing... 
Comparing: 0 vs 1170
value not equal! erasing... 
Comparing: 0 vs 1215
value not equal! erasing... 
Comparing: 0 vs 1260
value not equal! erasing... 
Comparing: 0 vs 1300
value not equal! erasing... 
Comparing: 0 vs 1305
value not equal! erasing... 
Comparing: 0 vs 1395
value not equal! erasing... 
Comparing: 0 vs 1400
value not equal! erasing... 
Comparing: 0 vs 1440
value not equal! erasing... 
Comparing: 0 vs 1485
value not equal! erasing... 
Comparing: 0 vs 1600
value not equal! erasing... 
Comparing: 0 vs 1700
value not equal! erasing... 
Comparing: 0 vs 1900
value not equal! erasing... 
0
Nodes remaining : 1 (expected 1)
