Request received from 10.0.2.2:53427 on 28-03-2023 at 02:40:10 :
GET /uploads/CC.png HTTP/1.1
Host: localhost:8080
User-Agent: Mozilla/5.0 (Windows NT 10.0; Win64; x64; rv:109.0) Gecko/20100101 Firefox/111.0
Accept: text/html,application/xhtml+xml,application/xml;q=0.9,image/avif,image/webp,*/*;q=0.8
Accept-Language: fr,fr-FR;q=0.8,en-US;q=0.5,en;q=0.3
Accept-Encoding: gzip, deflate, br
Connection: keep-alive
Referer: http://localhost:8080/uploads
Cookie: mycookie=abc123; mycookie2=efg456
Upgrade-I
Request received from 10.0.2.2:53513 on 28-03-2023 at 02:42:07 :
GET /uploads/CC.png HTTP/1.1
Host: localhost:8080
User-Agent: Mozilla/5.0 (Windows NT 10.0; Win64; x64; rv:109.0) Gecko/20100101 Firefox/111.0
Accept: text/html,application/xhtml+xml,application/xml;q=0.9,image/avif,image/webp,*/*;q=0.8
Accept-Language: fr,fr-FR;q=0.8,en-US;q=0.5,en;q=0.3
Accept-Encoding: gzip, deflate, br
Referer: http://localhost:8080/uploads
Connection: keep-alive
Cookie: mycookie=abc123; mycookie2=efg456
Upgrade-I
Request received from 10.0.2.2:53524 on 28-03-2023 at 02:42:33 :
GET /test_upload HTTP/1.1
Host: localhost:8080
User-Agent: Mozilla/5.0 (Windows NT 10.0; Win64; x64; rv:109.0) Gecko/20100101 Firefox/111.0
Accept: text/html,application/xhtml+xml,application/xml;q=0.9,image/avif,image/webp,*/*;q=0.8
Accept-Language: fr,fr-FR;q=0.8,en-US;q=0.5,en;q=0.3
Accept-Encoding: gzip, deflate, br
Connection: keep-alive
Cookie: mycookie=abc123; mycookie2=efg456
Upgrade-Insecure-Requests: 1
Sec-Fetch-Dest: docume
Request received from 10.0.2.2:53526 on 28-03-2023 at 02:42:38 :
POST /test_upload HTTP/1.1
Host: localhost:8080
User-Agent: Mozilla/5.0 (Windows NT 10.0; Win64; x64; rv:109.0) Gecko/20100101 Firefox/111.0
Accept: text/html,application/xhtml+xml,application/xml;q=0.9,image/avif,image/webp,*/*;q=0.8
Accept-Language: fr,fr-FR;q=0.8,en-US;q=0.5,en;q=0.3
Accept-Encoding: gzip, deflate, br
Content-Type: multipart/form-data; boundary=---------------------------92460466517305999253916474018
Content-Length: 
Request received from 10.0.2.2:53529 on 28-03-2023 at 02:42:43 :
GET /test_upload HTTP/1.1
Host: localhost:8080
User-Agent: Mozilla/5.0 (Windows NT 10.0; Win64; x64; rv:109.0) Gecko/20100101 Firefox/111.0
Accept: text/html,application/xhtml+xml,application/xml;q=0.9,image/avif,image/webp,*/*;q=0.8
Accept-Language: fr,fr-FR;q=0.8,en-US;q=0.5,en;q=0.3
Accept-Encoding: gzip, deflate, br
Connection: keep-alive
Cookie: mycookie=abc123; mycookie2=efg456
Upgrade-Insecure-Requests: 1
Sec-Fetch-Dest: docume
Request received from 10.0.2.2:53532 on 28-03-2023 at 02:42:50 :
POST /test_upload HTTP/1.1
Host: localhost:8080
User-Agent: Mozilla/5.0 (Windows NT 10.0; Win64; x64; rv:109.0) Gecko/20100101 Firefox/111.0
Accept: text/html,application/xhtml+xml,application/xml;q=0.9,image/avif,image/webp,*/*;q=0.8
Accept-Language: fr,fr-FR;q=0.8,en-US;q=0.5,en;q=0.3
Accept-Encoding: gzip, deflate, br
Content-Type: multipart/form-data; boundary=---------------------------108850404125168977032164912682
Content-Length:
Request received from 10.0.2.2:53535 on 28-03-2023 at 02:42:54 :
GET /test_upload HTTP/1.1
Host: localhost:8080
User-Agent: Mozilla/5.0 (Windows NT 10.0; Win64; x64; rv:109.0) Gecko/20100101 Firefox/111.0
Accept: */*
Accept-Language: fr,fr-FR;q=0.8,en-US;q=0.5,en;q=0.3
Accept-Encoding: gzip, deflate, br
Connection: keep-alive
Sec-Fetch-Dest: empty
Sec-Fetch-Mode: no-cors
Sec-Fetch-Site: same-origin



Request received from 10.0.2.2:53539 on 28-03-2023 at 02:43:02 :
POST /test_upload HTTP/1.1
Host: localhost:8080
User-Agent: Mozilla/5.0 (Windows NT 10.0; Win64; x64; rv:109.0) Gecko/20100101 Firefox/111.0
Accept: text/html,application/xhtml+xml,application/xml;q=0.9,image/avif,image/webp,*/*;q=0.8
Accept-Language: fr,fr-FR;q=0.8,en-US;q=0.5,en;q=0.3
Accept-Encoding: gzip, deflate, br
Referer: http://localhost:8080/test_upload
Content-Type: multipart/form-data; boundary=---------------------------108
Request received from 10.0.2.2:53543 on 28-03-2023 at 02:43:14 :
GET /test_upload HTTP/1.1
Host: localhost:8080
User-Agent: Mozilla/5.0 (Windows NT 10.0; Win64; x64; rv:109.0) Gecko/20100101 Firefox/111.0
Accept: text/html,application/xhtml+xml,application/xml;q=0.9,image/avif,image/webp,*/*;q=0.8
Accept-Language: fr,fr-FR;q=0.8,en-US;q=0.5,en;q=0.3
Accept-Encoding: gzip, deflate, br
Connection: keep-alive
Cookie: mycookie=abc123; mycookie2=efg456
Upgrade-Insecure-Requests: 1
Sec-Fetch-Dest: docume
Request received from 10.0.2.2:53547 on 28-03-2023 at 02:43:20 :
POST /test_upload HTTP/1.1
Host: localhost:8080
User-Agent: Mozilla/5.0 (Windows NT 10.0; Win64; x64; rv:109.0) Gecko/20100101 Firefox/111.0
Accept: text/html,application/xhtml+xml,application/xml;q=0.9,image/avif,image/webp,*/*;q=0.8
Accept-Language: fr,fr-FR;q=0.8,en-US;q=0.5,en;q=0.3
Accept-Encoding: gzip, deflate, br
Content-Type: multipart/form-data; boundary=---------------------------185547516616054129552464377751
Content-Length:
Request received from 10.0.2.2:53550 on 28-03-2023 at 02:43:26 :
GET /uploads HTTP/1.1
Host: localhost:8080
User-Agent: Mozilla/5.0 (Windows NT 10.0; Win64; x64; rv:109.0) Gecko/20100101 Firefox/111.0
Accept: text/html,application/xhtml+xml,application/xml;q=0.9,image/avif,image/webp,*/*;q=0.8
Accept-Language: fr,fr-FR;q=0.8,en-US;q=0.5,en;q=0.3
Accept-Encoding: gzip, deflate, br
Connection: keep-alive
Cookie: mycookie=abc123; mycookie2=efg456
Upgrade-Insecure-Requests: 1
Sec-Fetch-Dest: document

Request received from 10.0.2.2:53552 on 28-03-2023 at 02:43:29 :
GET /uploads/lemongrab%20pp.png HTTP/1.1
Host: localhost:8080
User-Agent: Mozilla/5.0 (Windows NT 10.0; Win64; x64; rv:109.0) Gecko/20100101 Firefox/111.0
Accept: text/html,application/xhtml+xml,application/xml;q=0.9,image/avif,image/webp,*/*;q=0.8
Accept-Language: fr,fr-FR;q=0.8,en-US;q=0.5,en;q=0.3
Accept-Encoding: gzip, deflate, br
Connection: keep-alive
Referer: http://localhost:8080/uploads
Cookie: mycookie=abc123; mycookie2=efg45
Request received from 10.0.2.2:53555 on 28-03-2023 at 02:43:33 :
GET /uploads/lemongrab%20pp.png HTTP/1.1
Host: localhost:8080
User-Agent: Mozilla/5.0 (Windows NT 10.0; Win64; x64; rv:109.0) Gecko/20100101 Firefox/111.0
Accept: text/html,application/xhtml+xml,application/xml;q=0.9,image/avif,image/webp,*/*;q=0.8
Accept-Language: fr,fr-FR;q=0.8,en-US;q=0.5,en;q=0.3
Accept-Encoding: gzip, deflate, br
Referer: http://localhost:8080/uploads
Connection: keep-alive
Cookie: mycookie=abc123; mycookie2=efg45
Request received from 10.0.2.2:53721 on 28-03-2023 at 02:48:48 :
GET /uploads/lemongrab%20pp.png HTTP/1.1
Host: localhost:8080
User-Agent: Mozilla/5.0 (Windows NT 10.0; Win64; x64; rv:109.0) Gecko/20100101 Firefox/111.0
Accept: text/html,application/xhtml+xml,application/xml;q=0.9,image/avif,image/webp,*/*;q=0.8
Accept-Language: fr,fr-FR;q=0.8,en-US;q=0.5,en;q=0.3
Accept-Encoding: gzip, deflate, br
Referer: http://localhost:8080/uploads
Connection: keep-alive
Cookie: mycookie=abc123; mycookie2=efg45
Request received from 10.0.2.2:53726 on 28-03-2023 at 02:48:53 :
GET /uploads/lemongrab%20pp.png HTTP/1.1
Host: localhost:8080
User-Agent: Mozilla/5.0 (Windows NT 10.0; Win64; x64; rv:109.0) Gecko/20100101 Firefox/111.0
Accept: text/html,application/xhtml+xml,application/xml;q=0.9,image/avif,image/webp,*/*;q=0.8
Accept-Language: fr,fr-FR;q=0.8,en-US;q=0.5,en;q=0.3
Accept-Encoding: gzip, deflate, br
Referer: http://localhost:8080/uploads
Connection: keep-alive
Cookie: mycookie=abc123; mycookie2=efg45
Request received from 10.0.2.2:53799 on 28-03-2023 at 02:50:12 :
GET /test_upload HTTP/1.1
Host: localhost:8080
User-Agent: Mozilla/5.0 (Windows NT 10.0; Win64; x64; rv:109.0) Gecko/20100101 Firefox/111.0
Accept: text/html,application/xhtml+xml,application/xml;q=0.9,image/avif,image/webp,*/*;q=0.8
Accept-Language: fr,fr-FR;q=0.8,en-US;q=0.5,en;q=0.3
Accept-Encoding: gzip, deflate, br
Connection: keep-alive
Cookie: mycookie=abc123; mycookie2=efg456
Upgrade-Insecure-Requests: 1
Sec-Fetch-Dest: docume
Request received from 10.0.2.2:53805 on 28-03-2023 at 02:50:27 :
GET /uploads/lemongrab%20pp.png HTTP/1.1
Host: localhost:8080
User-Agent: Mozilla/5.0 (Windows NT 10.0; Win64; x64; rv:109.0) Gecko/20100101 Firefox/111.0
Accept: text/html,application/xhtml+xml,application/xml;q=0.9,image/avif,image/webp,*/*;q=0.8
Accept-Language: fr,fr-FR;q=0.8,en-US;q=0.5,en;q=0.3
Accept-Encoding: gzip, deflate, br
Referer: http://localhost:8080/uploads
Connection: keep-alive
Cookie: mycookie=abc123; mycookie2=efg45
Request received from 10.0.2.2:53808 on 28-03-2023 at 02:50:31 :
GET / HTTP/1.1
Host: localhost:8080
User-Agent: Mozilla/5.0 (Windows NT 10.0; Win64; x64; rv:109.0) Gecko/20100101 Firefox/111.0
Accept: text/html,application/xhtml+xml,application/xml;q=0.9,image/avif,image/webp,*/*;q=0.8
Accept-Language: fr,fr-FR;q=0.8,en-US;q=0.5,en;q=0.3
Accept-Encoding: gzip, deflate, br
Connection: keep-alive
Cookie: mycookie=abc123; mycookie2=efg456
Upgrade-Insecure-Requests: 1
Sec-Fetch-Dest: document
Sec-Fet
Request received from 10.0.2.2:53867 on 28-03-2023 at 02:52:01 :
GET /uploads/lemongrab%20pp.png HTTP/1.1
Host: localhost:8080
User-Agent: Mozilla/5.0 (Windows NT 10.0; Win64; x64; rv:109.0) Gecko/20100101 Firefox/111.0
Accept: text/html,application/xhtml+xml,application/xml;q=0.9,image/avif,image/webp,*/*;q=0.8
Accept-Language: fr,fr-FR;q=0.8,en-US;q=0.5,en;q=0.3
Accept-Encoding: gzip, deflate, br
Referer: http://localhost:8080/uploads
Connection: keep-alive
Cookie: mycookie=abc123; mycookie2=efg45
Request received from 10.0.2.2:53921 on 28-03-2023 at 02:53:59 :
GET /uploads/lemongrab%20pp.png HTTP/1.1
Host: localhost:8080
User-Agent: Mozilla/5.0 (Windows NT 10.0; Win64; x64; rv:109.0) Gecko/20100101 Firefox/111.0
Accept: text/html,application/xhtml+xml,application/xml;q=0.9,image/avif,image/webp,*/*;q=0.8
Accept-Language: fr,fr-FR;q=0.8,en-US;q=0.5,en;q=0.3
Accept-Encoding: gzip, deflate, br
Referer: http://localhost:8080/uploads
Connection: keep-alive
Cookie: mycookie=abc123; mycookie2=efg45
Request received from 10.0.2.2:53981 on 28-03-2023 at 02:55:46 :
GET /uploads/lemongrab%20pp.png HTTP/1.1
Host: localhost:8080
User-Agent: Mozilla/5.0 (Windows NT 10.0; Win64; x64; rv:109.0) Gecko/20100101 Firefox/111.0
Accept: text/html,application/xhtml+xml,application/xml;q=0.9,image/avif,image/webp,*/*;q=0.8
Accept-Language: fr,fr-FR;q=0.8,en-US;q=0.5,en;q=0.3
Accept-Encoding: gzip, deflate, br
Referer: http://localhost:8080/uploads
Connection: keep-alive
Cookie: mycookie=abc123; mycookie2=efg45
Request received from 10.0.2.2:54024 on 28-03-2023 at 02:57:06 :
GET /uploads/lemongrab%20pp.png HTTP/1.1
Host: localhost:8080
User-Agent: Mozilla/5.0 (Windows NT 10.0; Win64; x64; rv:109.0) Gecko/20100101 Firefox/111.0
Accept: text/html,application/xhtml+xml,application/xml;q=0.9,image/avif,image/webp,*/*;q=0.8
Accept-Language: fr,fr-FR;q=0.8,en-US;q=0.5,en;q=0.3
Accept-Encoding: gzip, deflate, br
Referer: http://localhost:8080/uploads
Connection: keep-alive
Cookie: mycookie=abc123; mycookie2=efg45
Request received from 10.0.2.2:54089 on 28-03-2023 at 02:59:00 :
GET /uploads/lemongrab%20pp.png HTTP/1.1
Host: localhost:8080
User-Agent: Mozilla/5.0 (Windows NT 10.0; Win64; x64; rv:109.0) Gecko/20100101 Firefox/111.0
Accept: text/html,application/xhtml+xml,application/xml;q=0.9,image/avif,image/webp,*/*;q=0.8
Accept-Language: fr,fr-FR;q=0.8,en-US;q=0.5,en;q=0.3
Accept-Encoding: gzip, deflate, br
Referer: http://localhost:8080/uploads
Connection: keep-alive
Cookie: mycookie=abc123; mycookie2=efg45
Request received from 10.0.2.2:54396 on 28-03-2023 at 03:08:17 :
GET /uploads/lemongrab%20pp.png HTTP/1.1
Host: localhost:8080
User-Agent: Mozilla/5.0 (Windows NT 10.0; Win64; x64; rv:109.0) Gecko/20100101 Firefox/111.0
Accept: text/html,application/xhtml+xml,application/xml;q=0.9,image/avif,image/webp,*/*;q=0.8
Accept-Language: fr,fr-FR;q=0.8,en-US;q=0.5,en;q=0.3
Accept-Encoding: gzip, deflate, br
Referer: http://localhost:8080/uploads
Connection: keep-alive
Cookie: mycookie=abc123; mycookie2=efg45
Request received from 10.0.2.2:54398 on 28-03-2023 at 03:08:18 :
GET /favicon.ico HTTP/1.1
Host: localhost:8080
User-Agent: Mozilla/5.0 (Windows NT 10.0; Win64; x64; rv:109.0) Gecko/20100101 Firefox/111.0
Accept: image/avif,image/webp,*/*
Accept-Language: fr,fr-FR;q=0.8,en-US;q=0.5,en;q=0.3
Accept-Encoding: gzip, deflate, br
Connection: keep-alive
Referer: http://localhost:8080/uploads/lemongrab%20pp.png
Cookie: mycookie=abc123; mycookie2=efg456
Sec-Fetch-Dest: image
Sec-Fetch-Mode: no-cors
Sec-F
Request received from 10.0.2.2:54400 on 28-03-2023 at 03:08:23 :
GET /uploads/lemongrab%20pp.png HTTP/1.1
Host: localhost:8080
User-Agent: Mozilla/5.0 (Windows NT 10.0; Win64; x64; rv:109.0) Gecko/20100101 Firefox/111.0
Accept: text/html,application/xhtml+xml,application/xml;q=0.9,image/avif,image/webp,*/*;q=0.8
Accept-Language: fr,fr-FR;q=0.8,en-US;q=0.5,en;q=0.3
Accept-Encoding: gzip, deflate, br
Referer: http://localhost:8080/uploads
Connection: keep-alive
Cookie: mycookie=abc123; mycookie2=efg45
Request received from 10.0.2.2:54404 on 28-03-2023 at 03:08:29 :
GET /uploads/lemongrab%20pp.png HTTP/1.1
Host: localhost:8080
User-Agent: Mozilla/5.0 (Windows NT 10.0; Win64; x64; rv:109.0) Gecko/20100101 Firefox/111.0
Accept: text/html,application/xhtml+xml,application/xml;q=0.9,image/avif,image/webp,*/*;q=0.8
Accept-Language: fr,fr-FR;q=0.8,en-US;q=0.5,en;q=0.3
Accept-Encoding: gzip, deflate, br
Referer: http://localhost:8080/uploads
Connection: keep-alive
Cookie: mycookie=abc123; mycookie2=efg45
Request received from 10.0.2.2:54407 on 28-03-2023 at 03:08:30 :
GET /uploads/lemongrab%20pp.png HTTP/1.1
Host: localhost:8080
User-Agent: Mozilla/5.0 (Windows NT 10.0; Win64; x64; rv:109.0) Gecko/20100101 Firefox/111.0
Accept: text/html,application/xhtml+xml,application/xml;q=0.9,image/avif,image/webp,*/*;q=0.8
Accept-Language: fr,fr-FR;q=0.8,en-US;q=0.5,en;q=0.3
Accept-Encoding: gzip, deflate, br
Referer: http://localhost:8080/uploads
Connection: keep-alive
Cookie: mycookie=abc123; mycookie2=efg45
Request received from 10.0.2.2:54426 on 28-03-2023 at 03:09:08 :
GET / HTTP/1.1
Host: localhost:8080
User-Agent: Mozilla/5.0 (Windows NT 10.0; Win64; x64; rv:109.0) Gecko/20100101 Firefox/111.0
Accept: text/html,application/xhtml+xml,application/xml;q=0.9,image/avif,image/webp,*/*;q=0.8
Accept-Language: fr,fr-FR;q=0.8,en-US;q=0.5,en;q=0.3
Accept-Encoding: gzip, deflate, br
Connection: keep-alive
Cookie: mycookie=abc123; mycookie2=efg456
Upgrade-Insecure-Requests: 1
Sec-Fetch-Dest: document
Sec-Fet
Request received from 10.0.2.2:54428 on 28-03-2023 at 03:09:08 :
GET /ruffle/ruffle.js HTTP/1.1
Host: localhost:8080
User-Agent: Mozilla/5.0 (Windows NT 10.0; Win64; x64; rv:109.0) Gecko/20100101 Firefox/111.0
Accept: */*
Accept-Language: fr,fr-FR;q=0.8,en-US;q=0.5,en;q=0.3
Accept-Encoding: gzip, deflate, br
Connection: keep-alive
Referer: http://localhost:8080/
Cookie: mycookie=abc123; mycookie2=efg456
Sec-Fetch-Dest: script
Sec-Fetch-Mode: no-cors
Sec-Fetch-Site: same-origin



Request received from 10.0.2.2:54427 on 28-03-2023 at 03:09:08 :
GET /style.css HTTP/1.1
Host: localhost:8080
User-Agent: Mozilla/5.0 (Windows NT 10.0; Win64; x64; rv:109.0) Gecko/20100101 Firefox/111.0
Accept: text/css,*/*;q=0.1
Accept-Language: fr,fr-FR;q=0.8,en-US;q=0.5,en;q=0.3
Accept-Encoding: gzip, deflate, br
Connection: keep-alive
Referer: http://localhost:8080/
Cookie: mycookie=abc123; mycookie2=efg456
Sec-Fetch-Dest: style
Sec-Fetch-Mode: no-cors
Sec-Fetch-Site: same-origin



Request received from 10.0.2.2:54429 on 28-03-2023 at 03:09:08 :
GET /test.png HTTP/1.1
Host: localhost:8080
User-Agent: Mozilla/5.0 (Windows NT 10.0; Win64; x64; rv:109.0) Gecko/20100101 Firefox/111.0
Accept: image/avif,image/webp,*/*
Accept-Language: fr,fr-FR;q=0.8,en-US;q=0.5,en;q=0.3
Accept-Encoding: gzip, deflate, br
Connection: keep-alive
Referer: http://localhost:8080/
Cookie: mycookie=abc123; mycookie2=efg456
Sec-Fetch-Dest: image
Sec-Fetch-Mode: no-cors
Sec-Fetch-Site: same-origin



Request received from 10.0.2.2:54430 on 28-03-2023 at 03:09:08 :
GET /style.css HTTP/1.1
Host: localhost:8080
User-Agent: Mozilla/5.0 (Windows NT 10.0; Win64; x64; rv:109.0) Gecko/20100101 Firefox/111.0
Accept: text/css,*/*;q=0.1
Accept-Language: fr,fr-FR;q=0.8,en-US;q=0.5,en;q=0.3
Accept-Encoding: gzip, deflate, br
Connection: keep-alive
Referer: http://localhost:8080/
Cookie: mycookie=abc123; mycookie2=efg456
Sec-Fetch-Dest: style
Sec-Fetch-Mode: no-cors
Sec-Fetch-Site: same-origin



Request received from 10.0.2.2:54431 on 28-03-2023 at 03:09:08 :
GET /ruffle/core.ruffle.41529982bb1d17c0fcda.js HTTP/1.1
Host: localhost:8080
User-Agent: Mozilla/5.0 (Windows NT 10.0; Win64; x64; rv:109.0) Gecko/20100101 Firefox/111.0
Accept: */*
Accept-Language: fr,fr-FR;q=0.8,en-US;q=0.5,en;q=0.3
Accept-Encoding: gzip, deflate, br
Connection: keep-alive
Referer: http://localhost:8080/
Cookie: mycookie=abc123; mycookie2=efg456
Sec-Fetch-Dest: script
Sec-Fetch-Mode: no-cors
Sec-Fetch-Site: same-
Request received from 10.0.2.2:54433 on 28-03-2023 at 03:09:08 :
GET /ruffle/0dff3a92b0776e8a65b8.wasm HTTP/1.1
Host: localhost:8080
User-Agent: Mozilla/5.0 (Windows NT 10.0; Win64; x64; rv:109.0) Gecko/20100101 Firefox/111.0
Accept: */*
Accept-Language: fr,fr-FR;q=0.8,en-US;q=0.5,en;q=0.3
Accept-Encoding: gzip, deflate, br
Referer: http://localhost:8080/
Connection: keep-alive
Cookie: mycookie=abc123; mycookie2=efg456
Sec-Fetch-Dest: empty
Sec-Fetch-Mode: cors
Sec-Fetch-Site: same-origin



Request received from 10.0.2.2:54437 on 28-03-2023 at 03:09:09 :
GET /ruffle/tboi.swf HTTP/1.1
Host: localhost:8080
User-Agent: Mozilla/5.0 (Windows NT 10.0; Win64; x64; rv:109.0) Gecko/20100101 Firefox/111.0
Accept: */*
Accept-Language: fr,fr-FR;q=0.8,en-US;q=0.5,en;q=0.3
Accept-Encoding: gzip, deflate, br
Referer: http://localhost:8080/
Connection: keep-alive
Cookie: mycookie=abc123; mycookie2=efg456
Sec-Fetch-Dest: empty
Sec-Fetch-Mode: cors
Sec-Fetch-Site: same-origin



Request received from 10.0.2.2:54439 on 28-03-2023 at 03:09:11 :
HEAD /emulatorjs/super-mario-world.smc HTTP/1.1
Host: localhost:8080
User-Agent: Mozilla/5.0 (Windows NT 10.0; Win64; x64; rv:109.0) Gecko/20100101 Firefox/111.0
Accept: application/json, text/plain, */*
Accept-Language: fr,fr-FR;q=0.8,en-US;q=0.5,en;q=0.3
Accept-Encoding: gzip, deflate, br
Connection: keep-alive
Referer: http://localhost:8080/
Cookie: mycookie=abc123; mycookie2=efg456
Sec-Fetch-Dest: empty
Sec-Fetch-Mode: cors
Sec-
Request received from 10.0.2.2:54440 on 28-03-2023 at 03:09:11 :
GET /emulatorjs/super-mario-world.smc HTTP/1.1
Host: localhost:8080
User-Agent: Mozilla/5.0 (Windows NT 10.0; Win64; x64; rv:109.0) Gecko/20100101 Firefox/111.0
Accept: application/json, text/plain, */*
Accept-Language: fr,fr-FR;q=0.8,en-US;q=0.5,en;q=0.3
Accept-Encoding: gzip, deflate, br
Connection: keep-alive
Referer: http://localhost:8080/
Cookie: mycookie=abc123; mycookie2=efg456
Sec-Fetch-Dest: empty
Sec-Fetch-Mode: cors
Sec-F
Request received from 10.0.2.2:54494 on 28-03-2023 at 03:10:41 :
GET / HTTP/1.1
Host: localhost:8080
User-Agent: Mozilla/5.0 (Windows NT 10.0; Win64; x64; rv:109.0) Gecko/20100101 Firefox/111.0
Accept: text/html,application/xhtml+xml,application/xml;q=0.9,image/avif,image/webp,*/*;q=0.8
Accept-Language: fr,fr-FR;q=0.8,en-US;q=0.5,en;q=0.3
Accept-Encoding: gzip, deflate, br
Connection: keep-alive
Cookie: mycookie=abc123; mycookie2=efg456
Upgrade-Insecure-Requests: 1
Sec-Fetch-Dest: document
Sec-Fet
Request received from 10.0.2.2:54495 on 28-03-2023 at 03:10:41 :
GET /style.css HTTP/1.1
Host: localhost:8080
User-Agent: Mozilla/5.0 (Windows NT 10.0; Win64; x64; rv:109.0) Gecko/20100101 Firefox/111.0
Accept: text/css,*/*;q=0.1
Accept-Language: fr,fr-FR;q=0.8,en-US;q=0.5,en;q=0.3
Accept-Encoding: gzip, deflate, br
Connection: keep-alive
Referer: http://localhost:8080/
Cookie: mycookie=abc123; mycookie2=efg456
Sec-Fetch-Dest: style
Sec-Fetch-Mode: no-cors
Sec-Fetch-Site: same-origin



Request received from 10.0.2.2:54496 on 28-03-2023 at 03:10:41 :
GET /ruffle/ruffle.js HTTP/1.1
Host: localhost:8080
User-Agent: Mozilla/5.0 (Windows NT 10.0; Win64; x64; rv:109.0) Gecko/20100101 Firefox/111.0
Accept: */*
Accept-Language: fr,fr-FR;q=0.8,en-US;q=0.5,en;q=0.3
Accept-Encoding: gzip, deflate, br
Connection: keep-alive
Referer: http://localhost:8080/
Cookie: mycookie=abc123; mycookie2=efg456
Sec-Fetch-Dest: script
Sec-Fetch-Mode: no-cors
Sec-Fetch-Site: same-origin



Request received from 10.0.2.2:54497 on 28-03-2023 at 03:10:41 :
GET /style.css HTTP/1.1
Host: localhost:8080
User-Agent: Mozilla/5.0 (Windows NT 10.0; Win64; x64; rv:109.0) Gecko/20100101 Firefox/111.0
Accept: text/css,*/*;q=0.1
Accept-Language: fr,fr-FR;q=0.8,en-US;q=0.5,en;q=0.3
Accept-Encoding: gzip, deflate, br
Connection: keep-alive
Referer: http://localhost:8080/
Cookie: mycookie=abc123; mycookie2=efg456
Sec-Fetch-Dest: style
Sec-Fetch-Mode: no-cors
Sec-Fetch-Site: same-origin



Request received from 10.0.2.2:54498 on 28-03-2023 at 03:10:41 :
GET /test.png HTTP/1.1
Host: localhost:8080
User-Agent: Mozilla/5.0 (Windows NT 10.0; Win64; x64; rv:109.0) Gecko/20100101 Firefox/111.0
Accept: image/avif,image/webp,*/*
Accept-Language: fr,fr-FR;q=0.8,en-US;q=0.5,en;q=0.3
Accept-Encoding: gzip, deflate, br
Connection: keep-alive
Referer: http://localhost:8080/
Cookie: mycookie=abc123; mycookie2=efg456
Sec-Fetch-Dest: image
Sec-Fetch-Mode: no-cors
Sec-Fetch-Site: same-origin



Request received from 10.0.2.2:54499 on 28-03-2023 at 03:10:41 :
GET /ruffle/core.ruffle.41529982bb1d17c0fcda.js HTTP/1.1
Host: localhost:8080
User-Agent: Mozilla/5.0 (Windows NT 10.0; Win64; x64; rv:109.0) Gecko/20100101 Firefox/111.0
Accept: */*
Accept-Language: fr,fr-FR;q=0.8,en-US;q=0.5,en;q=0.3
Accept-Encoding: gzip, deflate, br
Connection: keep-alive
Referer: http://localhost:8080/
Cookie: mycookie=abc123; mycookie2=efg456
Sec-Fetch-Dest: script
Sec-Fetch-Mode: no-cors
Sec-Fetch-Site: same-
Request received from 10.0.2.2:54500 on 28-03-2023 at 03:10:41 :
GET /ruffle/ruffle.js.map HTTP/1.1
Host: localhost:8080
User-Agent: Mozilla/5.0 (Windows NT 10.0; Win64; x64; rv:109.0) Gecko/20100101 Firefox/111.0
Accept: */*
Accept-Language: fr,fr-FR;q=0.8,en-US;q=0.5,en;q=0.3
Accept-Encoding: gzip, deflate, br
Connection: keep-alive
Cookie: mycookie=abc123; mycookie2=efg456
Sec-Fetch-Dest: empty
Sec-Fetch-Mode: cors
Sec-Fetch-Site: cross-site
Cache-Control: max-age=0



Request received from 10.0.2.2:54501 on 28-03-2023 at 03:10:41 :
GET /ruffle/core.ruffle.41529982bb1d17c0fcda.js.map HTTP/1.1
Host: localhost:8080
User-Agent: Mozilla/5.0 (Windows NT 10.0; Win64; x64; rv:109.0) Gecko/20100101 Firefox/111.0
Accept: */*
Accept-Language: fr,fr-FR;q=0.8,en-US;q=0.5,en;q=0.3
Accept-Encoding: gzip, deflate, br
Connection: keep-alive
Cookie: mycookie=abc123; mycookie2=efg456
Sec-Fetch-Dest: empty
Sec-Fetch-Mode: cors
Sec-Fetch-Site: cross-site
Cache-Control: max-age=0

Request received from 10.0.2.2:54502 on 28-03-2023 at 03:10:41 :
GET /ruffle/0dff3a92b0776e8a65b8.wasm HTTP/1.1
Host: localhost:8080
User-Agent: Mozilla/5.0 (Windows NT 10.0; Win64; x64; rv:109.0) Gecko/20100101 Firefox/111.0
Accept: */*
Accept-Language: fr,fr-FR;q=0.8,en-US;q=0.5,en;q=0.3
Accept-Encoding: gzip, deflate, br
Referer: http://localhost:8080/
Connection: keep-alive
Cookie: mycookie=abc123; mycookie2=efg456
Sec-Fetch-Dest: empty
Sec-Fetch-Mode: cors
Sec-Fetch-Site: same-origin



Request received from 10.0.2.2:54504 on 28-03-2023 at 03:10:42 :
GET /ruffle/ruffle.js.map HTTP/1.1
Host: localhost:8080
User-Agent: Mozilla/5.0 (Windows NT 10.0; Win64; x64; rv:109.0) Gecko/20100101 Firefox/111.0
Accept: */*
Accept-Language: fr,fr-FR;q=0.8,en-US;q=0.5,en;q=0.3
Accept-Encoding: gzip, deflate, br
Connection: keep-alive
Cookie: mycookie=abc123; mycookie2=efg456
Sec-Fetch-Dest: empty
Sec-Fetch-Mode: cors
Sec-Fetch-Site: cross-site
Cache-Control: max-age=0



Request received from 10.0.2.2:54505 on 28-03-2023 at 03:10:43 :
GET /ruffle/tboi.swf HTTP/1.1
Host: localhost:8080
User-Agent: Mozilla/5.0 (Windows NT 10.0; Win64; x64; rv:109.0) Gecko/20100101 Firefox/111.0
Accept: */*
Accept-Language: fr,fr-FR;q=0.8,en-US;q=0.5,en;q=0.3
Accept-Encoding: gzip, deflate, br
Referer: http://localhost:8080/
Connection: keep-alive
Cookie: mycookie=abc123; mycookie2=efg456
Sec-Fetch-Dest: empty
Sec-Fetch-Mode: cors
Sec-Fetch-Site: same-origin



Request received from 10.0.2.2:54509 on 28-03-2023 at 03:10:47 :
HEAD /emulatorjs/super-mario-world.smc HTTP/1.1
Host: localhost:8080
User-Agent: Mozilla/5.0 (Windows NT 10.0; Win64; x64; rv:109.0) Gecko/20100101 Firefox/111.0
Accept: application/json, text/plain, */*
Accept-Language: fr,fr-FR;q=0.8,en-US;q=0.5,en;q=0.3
Accept-Encoding: gzip, deflate, br
Connection: keep-alive
Referer: http://localhost:8080/
Cookie: mycookie=abc123; mycookie2=efg456
Sec-Fetch-Dest: empty
Sec-Fetch-Mode: cors
Sec-
Request received from 10.0.2.2:54510 on 28-03-2023 at 03:10:47 :
GET /emulatorjs/super-mario-world.smc HTTP/1.1
Host: localhost:8080
User-Agent: Mozilla/5.0 (Windows NT 10.0; Win64; x64; rv:109.0) Gecko/20100101 Firefox/111.0
Accept: application/json, text/plain, */*
Accept-Language: fr,fr-FR;q=0.8,en-US;q=0.5,en;q=0.3
Accept-Encoding: gzip, deflate, br
Connection: keep-alive
Referer: http://localhost:8080/
Cookie: mycookie=abc123; mycookie2=efg456
Sec-Fetch-Dest: empty
Sec-Fetch-Mode: cors
Sec-F
Request received from 10.0.2.2:54523 on 28-03-2023 at 03:11:05 :
GET / HTTP/1.1
Host: localhost:8080
User-Agent: Mozilla/5.0 (Windows NT 10.0; Win64; x64; rv:109.0) Gecko/20100101 Firefox/111.0
Accept: text/html,application/xhtml+xml,application/xml;q=0.9,image/avif,image/webp,*/*;q=0.8
Accept-Language: fr,fr-FR;q=0.8,en-US;q=0.5,en;q=0.3
Accept-Encoding: gzip, deflate, br
Connection: keep-alive
Cookie: mycookie=abc123; mycookie2=efg456
Upgrade-Insecure-Requests: 1
Sec-Fetch-Dest: document
Sec-Fet
Request received from 10.0.2.2:54524 on 28-03-2023 at 03:11:05 :
GET /style.css HTTP/1.1
Host: localhost:8080
User-Agent: Mozilla/5.0 (Windows NT 10.0; Win64; x64; rv:109.0) Gecko/20100101 Firefox/111.0
Accept: text/css,*/*;q=0.1
Accept-Language: fr,fr-FR;q=0.8,en-US;q=0.5,en;q=0.3
Accept-Encoding: gzip, deflate, br
Connection: keep-alive
Referer: http://localhost:8080/
Cookie: mycookie=abc123; mycookie2=efg456
Sec-Fetch-Dest: style
Sec-Fetch-Mode: no-cors
Sec-Fetch-Site: same-origin



Request received from 10.0.2.2:54525 on 28-03-2023 at 03:11:05 :
GET /ruffle/ruffle.js HTTP/1.1
Host: localhost:8080
User-Agent: Mozilla/5.0 (Windows NT 10.0; Win64; x64; rv:109.0) Gecko/20100101 Firefox/111.0
Accept: */*
Accept-Language: fr,fr-FR;q=0.8,en-US;q=0.5,en;q=0.3
Accept-Encoding: gzip, deflate, br
Connection: keep-alive
Referer: http://localhost:8080/
Cookie: mycookie=abc123; mycookie2=efg456
Sec-Fetch-Dest: script
Sec-Fetch-Mode: no-cors
Sec-Fetch-Site: same-origin



Request received from 10.0.2.2:54526 on 28-03-2023 at 03:11:05 :
GET /style.css HTTP/1.1
Host: localhost:8080
User-Agent: Mozilla/5.0 (Windows NT 10.0; Win64; x64; rv:109.0) Gecko/20100101 Firefox/111.0
Accept: text/css,*/*;q=0.1
Accept-Language: fr,fr-FR;q=0.8,en-US;q=0.5,en;q=0.3
Accept-Encoding: gzip, deflate, br
Connection: keep-alive
Referer: http://localhost:8080/
Cookie: mycookie=abc123; mycookie2=efg456
Sec-Fetch-Dest: style
Sec-Fetch-Mode: no-cors
Sec-Fetch-Site: same-origin



Request received from 10.0.2.2:54527 on 28-03-2023 at 03:11:05 :
GET /test.png HTTP/1.1
Host: localhost:8080
User-Agent: Mozilla/5.0 (Windows NT 10.0; Win64; x64; rv:109.0) Gecko/20100101 Firefox/111.0
Accept: image/avif,image/webp,*/*
Accept-Language: fr,fr-FR;q=0.8,en-US;q=0.5,en;q=0.3
Accept-Encoding: gzip, deflate, br
Connection: keep-alive
Referer: http://localhost:8080/
Cookie: mycookie=abc123; mycookie2=efg456
Sec-Fetch-Dest: image
Sec-Fetch-Mode: no-cors
Sec-Fetch-Site: same-origin



Request received from 10.0.2.2:54528 on 28-03-2023 at 03:11:05 :
GET /ruffle/core.ruffle.41529982bb1d17c0fcda.js HTTP/1.1
Host: localhost:8080
User-Agent: Mozilla/5.0 (Windows NT 10.0; Win64; x64; rv:109.0) Gecko/20100101 Firefox/111.0
Accept: */*
Accept-Language: fr,fr-FR;q=0.8,en-US;q=0.5,en;q=0.3
Accept-Encoding: gzip, deflate, br
Connection: keep-alive
Referer: http://localhost:8080/
Cookie: mycookie=abc123; mycookie2=efg456
Sec-Fetch-Dest: script
Sec-Fetch-Mode: no-cors
Sec-Fetch-Site: same-
Request received from 10.0.2.2:54529 on 28-03-2023 at 03:11:05 :
GET /ruffle/0dff3a92b0776e8a65b8.wasm HTTP/1.1
Host: localhost:8080
User-Agent: Mozilla/5.0 (Windows NT 10.0; Win64; x64; rv:109.0) Gecko/20100101 Firefox/111.0
Accept: */*
Accept-Language: fr,fr-FR;q=0.8,en-US;q=0.5,en;q=0.3
Accept-Encoding: gzip, deflate, br
Referer: http://localhost:8080/
Connection: keep-alive
Cookie: mycookie=abc123; mycookie2=efg456
Sec-Fetch-Dest: empty
Sec-Fetch-Mode: cors
Sec-Fetch-Site: same-origin



Request received from 10.0.2.2:54531 on 28-03-2023 at 03:11:06 :
GET /ruffle/tboi.swf HTTP/1.1
Host: localhost:8080
User-Agent: Mozilla/5.0 (Windows NT 10.0; Win64; x64; rv:109.0) Gecko/20100101 Firefox/111.0
Accept: */*
Accept-Language: fr,fr-FR;q=0.8,en-US;q=0.5,en;q=0.3
Accept-Encoding: gzip, deflate, br
Referer: http://localhost:8080/
Connection: keep-alive
Cookie: mycookie=abc123; mycookie2=efg456
Sec-Fetch-Dest: empty
Sec-Fetch-Mode: cors
Sec-Fetch-Site: same-origin



Request received from 10.0.2.2:54533 on 28-03-2023 at 03:11:12 :
HEAD /emulatorjs/super-mario-world.smc HTTP/1.1
Host: localhost:8080
User-Agent: Mozilla/5.0 (Windows NT 10.0; Win64; x64; rv:109.0) Gecko/20100101 Firefox/111.0
Accept: application/json, text/plain, */*
Accept-Language: fr,fr-FR;q=0.8,en-US;q=0.5,en;q=0.3
Accept-Encoding: gzip, deflate, br
Connection: keep-alive
Referer: http://localhost:8080/
Cookie: mycookie=abc123; mycookie2=efg456
Sec-Fetch-Dest: empty
Sec-Fetch-Mode: cors
Sec-
Request received from 10.0.2.2:54534 on 28-03-2023 at 03:11:12 :
GET /emulatorjs/super-mario-world.smc HTTP/1.1
Host: localhost:8080
User-Agent: Mozilla/5.0 (Windows NT 10.0; Win64; x64; rv:109.0) Gecko/20100101 Firefox/111.0
Accept: application/json, text/plain, */*
Accept-Language: fr,fr-FR;q=0.8,en-US;q=0.5,en;q=0.3
Accept-Encoding: gzip, deflate, br
Connection: keep-alive
Referer: http://localhost:8080/
Cookie: mycookie=abc123; mycookie2=efg456
Sec-Fetch-Dest: empty
Sec-Fetch-Mode: cors
Sec-F
